<?xml version="1.0" encoding="UTF-8"?>
<!-- Generated by org.testng.reporters.JUnitReportReporter -->
<testsuite hostname="Prabhus-MBP" failures="0" tests="3" name="test.Scripts" time="106.368" errors="0" timestamp="2023-05-24T09:42:05 IST" skipped="0">
  <testcase classname="test.Scripts" name="testCase_e2eFlow" time="39.202"/>
  <system-out/>
  <testcase classname="test.Scripts" name="testCase_e2eFlow2" time="38.344"/>
  <system-out/>
  <testcase classname="test.Scripts" name="testCase_tooltipValidation" time="28.822"/>
  <system-out/>
</testsuite> <!-- test.Scripts -->
